SF:lib/utils/service/date_format.dart
DA:4,1
DA:5,2
LF:2
LH:2
end_of_record
SF:lib/data/models/event_model.dart
DA:3,1
DA:9,0
DA:10,0
DA:11,0
DA:14,0
DA:15,0
DA:20,2
DA:40,2
DA:41,1
DA:42,2
DA:43,1
DA:44,1
DA:45,1
DA:46,1
DA:47,1
DA:48,2
DA:49,2
DA:52,2
DA:53,1
DA:54,2
DA:55,1
DA:56,1
DA:57,1
DA:58,1
DA:59,3
DA:60,2
DA:63,0
DA:67,0
DA:72,0
DA:73,0
DA:76,0
DA:77,0
DA:82,2
DA:87,2
DA:88,1
DA:91,2
DA:92,1
LF:37
LH:26
end_of_record
SF:lib/data/failure.dart
DA:3,2
DA:5,0
DA:9,1
DA:13,2
DA:17,0
LF:5
LH:3
end_of_record
SF:lib/data/repositories/online_repository_impl.dart
DA:11,0
DA:15,0
DA:18,0
DA:19,0
DA:20,0
DA:22,0
DA:25,0
LF:7
LH:0
end_of_record
SF:lib/presentation/cubits/remote_events/remote_events_state.dart
DA:7,3
DA:12,1
DA:13,3
DA:17,1
DA:21,2
DA:25,1
DA:29,2
LF:7
LH:7
end_of_record
SF:lib/presentation/cubits/remote_events/remote_events_cubit.dart
DA:10,3
DA:12,1
DA:13,1
DA:15,1
DA:16,2
DA:20,5
DA:21,1
DA:22,3
DA:26,0
DA:27,0
LF:10
LH:8
end_of_record
SF:lib/data/datasource/online/event_remote_datasource.dart
DA:13,0
DA:15,0
DA:17,0
DA:18,0
DA:20,0
DA:21,0
DA:23,0
LF:7
LH:0
end_of_record
SF:lib/presentation/cubits/base/base_cubit.dart
DA:5,2
DA:9,0
DA:10,0
DA:13,2
DA:15,0
DA:17,0
DA:18,0
DA:19,0
DA:20,0
LF:9
LH:2
end_of_record
SF:lib/data/repositories/offline_repository_impl.dart
DA:5,0
DA:9,0
DA:11,0
DA:14,0
DA:16,0
DA:19,0
DA:21,0
LF:7
LH:0
end_of_record
SF:lib/presentation/cubits/local_events/local_events_state.dart
DA:6,2
DA:9,1
DA:10,2
DA:14,2
LF:4
LH:4
end_of_record
SF:lib/presentation/cubits/local_events/local_events_cubit.dart
DA:10,1
DA:11,1
DA:13,1
DA:14,2
DA:17,0
DA:18,0
DA:19,0
DA:22,1
DA:23,2
DA:24,2
DA:27,1
DA:28,2
DA:29,1
LF:13
LH:10
end_of_record
SF:lib/data/datasource/offline/event_offline_datasource.dart
DA:10,0
DA:14,0
DA:16,0
DA:17,0
DA:19,0
DA:23,0
DA:25,0
DA:26,0
DA:27,0
DA:29,0
DA:30,0
DA:34,0
DA:36,0
DA:37,0
DA:38,0
DA:40,0
DA:41,0
LF:17
LH:0
end_of_record
SF:lib/utils/service/shared_pref.dart
DA:3,0
DA:6,0
DA:7,0
LF:3
LH:0
end_of_record
