SF:lib/data/models/event_model.dart
DA:3,1
DA:9,0
DA:10,0
DA:11,0
DA:14,0
DA:15,0
DA:20,1
DA:40,0
DA:41,0
DA:42,0
DA:43,0
DA:44,0
DA:45,0
DA:46,0
DA:47,0
DA:48,0
DA:49,0
DA:52,0
DA:53,0
DA:54,0
DA:55,0
DA:56,0
DA:57,0
DA:58,0
DA:59,0
DA:60,0
DA:63,0
DA:67,0
DA:72,0
DA:73,0
DA:76,0
DA:77,0
DA:82,1
DA:87,0
DA:88,0
DA:91,0
DA:92,0
LF:37
LH:3
end_of_record
SF:lib/presentation/cubits/local_events/local_events_state.dart
DA:6,1
DA:10,0
DA:14,1
LF:3
LH:2
end_of_record
SF:lib/presentation/cubits/local_events/local_events_cubit.dart
DA:9,0
DA:10,0
DA:12,0
DA:13,0
DA:16,0
DA:17,0
DA:18,0
DA:21,0
DA:22,0
DA:23,0
DA:26,0
DA:27,0
DA:28,0
LF:13
LH:0
end_of_record
SF:lib/presentation/cubits/remote_events/remote_events_state.dart
DA:7,3
DA:12,0
DA:16,1
DA:20,2
DA:24,1
DA:28,0
LF:6
LH:4
end_of_record
SF:lib/presentation/cubits/remote_events/remote_events_cubit.dart
DA:9,3
DA:11,1
DA:12,1
DA:14,1
DA:15,2
DA:19,1
DA:20,1
DA:21,3
DA:25,0
DA:26,0
LF:10
LH:8
end_of_record
SF:lib/data/failure.dart
DA:3,0
DA:5,0
DA:9,0
DA:13,0
DA:17,0
LF:5
LH:0
end_of_record
SF:lib/presentation/cubits/base/base_cubit.dart
DA:5,2
DA:9,0
DA:10,0
DA:13,2
DA:15,0
DA:17,0
DA:18,0
DA:19,0
DA:20,0
LF:9
LH:2
end_of_record
